2019-02-11 16:16:26,232 - Log4JLogChute initialized using file 'velocity.log'
2019-02-11 16:16:26,232 - Initializing Velocity, Calling init()...
2019-02-11 16:16:26,232 - Starting Apache Velocity v1.7 (compiled: 2010-11-19 12:14:37)
2019-02-11 16:16:26,232 - Default Properties File: org/apache/velocity/runtime/defaults/velocity.properties
2019-02-11 16:16:26,232 - Trying to use logger class org.apache.velocity.runtime.log.AvalonLogChute
2019-02-11 16:16:26,232 - Target log system for org.apache.velocity.runtime.log.AvalonLogChute is not available (java.lang.NoClassDefFoundError: org/apache/log/format/Formatter).  Falling back to next log system...
2019-02-11 16:16:26,232 - Trying to use logger class org.apache.velocity.runtime.log.Log4JLogChute
2019-02-11 16:16:26,232 - Using logger class org.apache.velocity.runtime.log.Log4JLogChute
2019-02-11 16:16:26,239 - ResourceLoader instantiated: org.apache.velocity.runtime.resource.loader.FileResourceLoader
2019-02-11 16:16:26,240 - Do unicode file recognition:  false
2019-02-11 16:16:26,240 - FileResourceLoader : adding path '.'
2019-02-11 16:16:26,254 - ResourceCache: initialized (class org.apache.velocity.runtime.resource.ResourceCacheImpl) with class java.util.Collections$SynchronizedMap cache map.
2019-02-11 16:16:26,255 - Loaded System Directive: org.apache.velocity.runtime.directive.Stop
2019-02-11 16:16:26,256 - Loaded System Directive: org.apache.velocity.runtime.directive.Define
2019-02-11 16:16:26,257 - Loaded System Directive: org.apache.velocity.runtime.directive.Break
2019-02-11 16:16:26,258 - Loaded System Directive: org.apache.velocity.runtime.directive.Evaluate
2019-02-11 16:16:26,258 - Loaded System Directive: org.apache.velocity.runtime.directive.Literal
2019-02-11 16:16:26,260 - Loaded System Directive: org.apache.velocity.runtime.directive.Macro
2019-02-11 16:16:26,261 - Loaded System Directive: org.apache.velocity.runtime.directive.Parse
2019-02-11 16:16:26,263 - Loaded System Directive: org.apache.velocity.runtime.directive.Include
2019-02-11 16:16:26,264 - Loaded System Directive: org.apache.velocity.runtime.directive.Foreach
2019-02-11 16:16:26,300 - Created '20' parsers.
2019-02-11 16:16:26,306 - Velocimacro : "velocimacro.library" is not set.  Trying default library: VM_global_library.vm
2019-02-11 16:16:26,306 - Velocimacro : Default library not found.
2019-02-11 16:16:26,306 - Velocimacro : allowInline = true : VMs can be defined inline in templates
2019-02-11 16:16:26,306 - Velocimacro : allowInlineToOverride = false : VMs defined inline may NOT replace previous VM definitions
2019-02-11 16:16:26,306 - Velocimacro : allowInlineLocal = false : VMs defined inline will be global in scope if allowed.
2019-02-11 16:16:26,306 - Velocimacro : autoload off : VM system will not automatically reload global library macros
2019-02-11 17:10:18,379 - Log4JLogChute initialized using file 'velocity.log'
2019-02-11 17:10:18,379 - Initializing Velocity, Calling init()...
2019-02-11 17:10:18,379 - Starting Apache Velocity v1.7 (compiled: 2010-11-19 12:14:37)
2019-02-11 17:10:18,379 - Default Properties File: org/apache/velocity/runtime/defaults/velocity.properties
2019-02-11 17:10:18,379 - Trying to use logger class org.apache.velocity.runtime.log.AvalonLogChute
2019-02-11 17:10:18,379 - Target log system for org.apache.velocity.runtime.log.AvalonLogChute is not available (java.lang.NoClassDefFoundError: org/apache/log/format/Formatter).  Falling back to next log system...
2019-02-11 17:10:18,380 - Trying to use logger class org.apache.velocity.runtime.log.Log4JLogChute
2019-02-11 17:10:18,380 - Using logger class org.apache.velocity.runtime.log.Log4JLogChute
2019-02-11 17:10:18,386 - ResourceLoader instantiated: org.apache.velocity.runtime.resource.loader.FileResourceLoader
2019-02-11 17:10:18,387 - Do unicode file recognition:  false
2019-02-11 17:10:18,387 - FileResourceLoader : adding path '.'
2019-02-11 17:10:18,401 - ResourceCache: initialized (class org.apache.velocity.runtime.resource.ResourceCacheImpl) with class java.util.Collections$SynchronizedMap cache map.
2019-02-11 17:10:18,402 - Loaded System Directive: org.apache.velocity.runtime.directive.Stop
2019-02-11 17:10:18,403 - Loaded System Directive: org.apache.velocity.runtime.directive.Define
2019-02-11 17:10:18,404 - Loaded System Directive: org.apache.velocity.runtime.directive.Break
2019-02-11 17:10:18,405 - Loaded System Directive: org.apache.velocity.runtime.directive.Evaluate
2019-02-11 17:10:18,405 - Loaded System Directive: org.apache.velocity.runtime.directive.Literal
2019-02-11 17:10:18,406 - Loaded System Directive: org.apache.velocity.runtime.directive.Macro
2019-02-11 17:10:18,407 - Loaded System Directive: org.apache.velocity.runtime.directive.Parse
2019-02-11 17:10:18,409 - Loaded System Directive: org.apache.velocity.runtime.directive.Include
2019-02-11 17:10:18,410 - Loaded System Directive: org.apache.velocity.runtime.directive.Foreach
2019-02-11 17:10:18,450 - Created '20' parsers.
2019-02-11 17:10:18,455 - Velocimacro : "velocimacro.library" is not set.  Trying default library: VM_global_library.vm
2019-02-11 17:10:18,455 - Velocimacro : Default library not found.
2019-02-11 17:10:18,455 - Velocimacro : allowInline = true : VMs can be defined inline in templates
2019-02-11 17:10:18,455 - Velocimacro : allowInlineToOverride = false : VMs defined inline may NOT replace previous VM definitions
2019-02-11 17:10:18,455 - Velocimacro : allowInlineLocal = false : VMs defined inline will be global in scope if allowed.
2019-02-11 17:10:18,455 - Velocimacro : autoload off : VM system will not automatically reload global library macros
